mode: set
github.com/rancher-sandbox/elemental-cli/pkg/cos/cos.go:19.40,23.2 1 1
github.com/rancher-sandbox/elemental-cli/pkg/cos/cos.go:26.31,30.54 3 1
github.com/rancher-sandbox/elemental-cli/pkg/cos/cos.go:36.2,36.54 1 1
github.com/rancher-sandbox/elemental-cli/pkg/cos/cos.go:43.2,55.35 2 1
github.com/rancher-sandbox/elemental-cli/pkg/cos/cos.go:58.2,59.12 2 1
github.com/rancher-sandbox/elemental-cli/pkg/cos/cos.go:30.54,32.3 1 1
github.com/rancher-sandbox/elemental-cli/pkg/cos/cos.go:32.8,34.3 1 0
github.com/rancher-sandbox/elemental-cli/pkg/cos/cos.go:36.54,38.3 1 1
github.com/rancher-sandbox/elemental-cli/pkg/cos/cos.go:38.8,40.3 1 0
github.com/rancher-sandbox/elemental-cli/pkg/cos/cos.go:55.35,57.3 1 0
github.com/rancher-sandbox/elemental-cli/pkg/cos/cos.go:63.39,64.30 1 1
github.com/rancher-sandbox/elemental-cli/pkg/cos/cos.go:79.2,79.12 1 1
github.com/rancher-sandbox/elemental-cli/pkg/cos/cos.go:64.30,70.88 4 1
github.com/rancher-sandbox/elemental-cli/pkg/cos/cos.go:74.3,74.54 1 1
github.com/rancher-sandbox/elemental-cli/pkg/cos/cos.go:77.3,77.102 1 1
github.com/rancher-sandbox/elemental-cli/pkg/cos/cos.go:70.88,72.4 1 0
github.com/rancher-sandbox/elemental-cli/pkg/cos/cos.go:74.54,76.4 1 0
github.com/rancher-sandbox/elemental-cli/pkg/cos/cos.go:83.53,91.54 5 1
github.com/rancher-sandbox/elemental-cli/pkg/cos/cos.go:98.2,98.30 1 1
github.com/rancher-sandbox/elemental-cli/pkg/cos/cos.go:91.54,93.3 1 0
github.com/rancher-sandbox/elemental-cli/pkg/cos/cos.go:98.30,100.3 1 1
github.com/rancher-sandbox/elemental-cli/pkg/cos/cos.go:100.8,102.3 1 1
github.com/rancher-sandbox/elemental-cli/pkg/cos/cos.go:108.36,109.23 1 1
github.com/rancher-sandbox/elemental-cli/pkg/cos/cos.go:129.2,129.12 1 1
github.com/rancher-sandbox/elemental-cli/pkg/cos/cos.go:109.23,111.79 1 1
github.com/rancher-sandbox/elemental-cli/pkg/cos/cos.go:111.79,113.18 2 1
github.com/rancher-sandbox/elemental-cli/pkg/cos/cos.go:116.4,116.19 1 1
github.com/rancher-sandbox/elemental-cli/pkg/cos/cos.go:113.18,115.5 1 0
github.com/rancher-sandbox/elemental-cli/pkg/cos/cos.go:116.19,117.23 1 1
github.com/rancher-sandbox/elemental-cli/pkg/cos/cos.go:117.23,121.6 3 1
github.com/rancher-sandbox/elemental-cli/pkg/cos/cos.go:121.11,125.6 3 1
